<?xml version="1.0" encoding="UTF-8"?>
<testng-results ignored="0" total="1" passed="1" failed="0" skipped="0">
  <reporter-output>
  </reporter-output>
  <suite started-at="2024-06-13T10:55:13Z" name="Surefire suite" finished-at="2024-06-13T10:55:18Z" duration-ms="4402">
    <groups>
    </groups>
    <test started-at="2024-06-13T10:55:13Z" name="Surefire test" finished-at="2024-06-13T10:55:18Z" duration-ms="4402">
      <class name="Azure.DevOps.AppTest">
        <test-method signature="shouldAnswerWithTrue()[pri:0, instance:Azure.DevOps.AppTest@b9afc07]" started-at="2024-06-13T10:55:13Z" name="shouldAnswerWithTrue" finished-at="2024-06-13T10:55:18Z" duration-ms="4399" status="PASS">
          <reporter-output>
          </reporter-output>
        </test-method> <!-- shouldAnswerWithTrue -->
      </class> <!-- Azure.DevOps.AppTest -->
    </test> <!-- Surefire test -->
  </suite> <!-- Surefire suite -->
</testng-results>
