<?xml version="1.0" encoding="UTF-8"?>
<testng-results ignored="0" total="1" passed="1" failed="0" skipped="0">
  <reporter-output>
  </reporter-output>
  <suite started-at="2024-06-02T12:26:28Z" name="Surefire suite" finished-at="2024-06-02T12:26:35Z" duration-ms="6166">
    <groups>
    </groups>
    <test started-at="2024-06-02T12:26:28Z" name="Surefire test" finished-at="2024-06-02T12:26:35Z" duration-ms="6166">
      <class name="Azure.DevOps.AppTest">
        <test-method signature="shouldAnswerWithTrue()[pri:0, instance:Azure.DevOps.AppTest@6483f5ae]" started-at="2024-06-02T12:26:28Z" name="shouldAnswerWithTrue" finished-at="2024-06-02T12:26:35Z" duration-ms="6147" status="PASS">
          <reporter-output>
          </reporter-output>
        </test-method> <!-- shouldAnswerWithTrue -->
      </class> <!-- Azure.DevOps.AppTest -->
    </test> <!-- Surefire test -->
  </suite> <!-- Surefire suite -->
</testng-results>
